<?xml version="1.0" encoding="UTF-8"?>
<testsuite name="com.tassioauad.jokelib.JokerTest" tests="1" skipped="0" failures="0" errors="0" timestamp="2016-01-07T00:54:52" hostname="auadbook" time="0.001">
  <properties/>
  <testcase name="testGetJoke" classname="com.tassioauad.jokelib.JokerTest" time="0.001"/>
  <system-out><![CDATA[]]></system-out>
  <system-err><![CDATA[]]></system-err>
</testsuite>
